<?xml version="1.0" encoding="UTF-8"?>
<!-- Generated by org.testng.reporters.JUnitReportReporter -->
<testsuite hostname="DESKTOP-UD3S3QN" failures="0" tests="1" name="testscripts.FirstTest" time="16.843" errors="0" timestamp="2023-03-01T12:40:04 IST" skipped="0">
  <testcase classname="testscripts.FirstTest" name="firstTest" time="16.843"/>
  <system-out/>
</testsuite> <!-- testscripts.FirstTest -->
